The system is: Linux - 3.10.0-1160.105.1.el7.x86_64 - x86_64
Compiling the C compiler identification source file "CMakeCCompilerId.c" succeeded.
Compiler: /usr/local/es7/bin/gcc 
Build flags: 
Id flags:  

The output was:
0


Compilation of the C compiler identification source "CMakeCCompilerId.c" produced "a.out"

The C compiler identification is GNU, found in "/users7/cse/chirschbrich/CS3353/prog2/build/CMakeFiles/3.23.1/CompilerIdC/a.out"

Compiling the CXX compiler identification source file "CMakeCXXCompilerId.cpp" succeeded.
Compiler: /usr/local/es7/bin/g++ 
Build flags: 
Id flags:  

The output was:
0


Compilation of the CXX compiler identification source "CMakeCXXCompilerId.cpp" produced "a.out"

The CXX compiler identification is GNU, found in "/users7/cse/chirschbrich/CS3353/prog2/build/CMakeFiles/3.23.1/CompilerIdCXX/a.out"

Detecting C compiler ABI info compiled with the following output:
Change Dir: /users7/cse/chirschbrich/CS3353/prog2/build/CMakeFiles/CMakeTmp

Run Build Command(s):/usr/local/es7/bin/ninja cmTC_83e9d && [1/2] Building C object CMakeFiles/cmTC_83e9d.dir/CMakeCCompilerABI.c.o
Using built-in specs.
COLLECT_GCC=/usr/local/es7/bin/gcc
Target: x86_64-pc-linux-gnu
Configured with: ../gcc-13.2.0/configure --prefix=/usr/local/es7
Thread model: posix
Supported LTO compression algorithms: zlib
gcc version 13.2.0 (GCC) 
COLLECT_GCC_OPTIONS='-v' '-o' 'CMakeFiles/cmTC_83e9d.dir/CMakeCCompilerABI.c.o' '-c' '-mtune=generic' '-march=x86-64' '-dumpdir' 'CMakeFiles/cmTC_83e9d.dir/'
 /usr/local/es7/libexec/gcc/x86_64-pc-linux-gnu/13.2.0/cc1 -quiet -v /usr/local/es7/share/cmake-3.23/Modules/CMakeCCompilerABI.c -quiet -dumpdir CMakeFiles/cmTC_83e9d.dir/ -dumpbase CMakeCCompilerABI.c.c -dumpbase-ext .c -mtune=generic -march=x86-64 -version -o /tmp/ccVsw88k.s
GNU C17 (GCC) version 13.2.0 (x86_64-pc-linux-gnu)
	compiled by GNU C version 13.2.0, GMP version 6.2.1, MPFR version 4.1.0, MPC version 1.2.1, isl version none
GGC heuristics: --param ggc-min-expand=100 --param ggc-min-heapsize=131072
ignoring nonexistent directory "/usr/local/es7/lib/gcc/x86_64-pc-linux-gnu/13.2.0/../../../../x86_64-pc-linux-gnu/include"
#include "..." search starts here:
#include <...> search starts here:
 /usr/local/es7/lib/gcc/x86_64-pc-linux-gnu/13.2.0/include
 /usr/local/include
 /usr/local/es7/include
 /usr/local/es7/lib/gcc/x86_64-pc-linux-gnu/13.2.0/include-fixed
 /usr/include
End of search list.
Compiler executable checksum: e70dc9643beb5bc2c7314dda6f2fd2f9
COLLECT_GCC_OPTIONS='-v' '-o' 'CMakeFiles/cmTC_83e9d.dir/CMakeCCompilerABI.c.o' '-c' '-mtune=generic' '-march=x86-64' '-dumpdir' 'CMakeFiles/cmTC_83e9d.dir/'
 as -v --64 -o CMakeFiles/cmTC_83e9d.dir/CMakeCCompilerABI.c.o /tmp/ccVsw88k.s
GNU assembler version 2.27 (x86_64-redhat-linux) using BFD version version 2.27-44.base.el7_9.1
COMPILER_PATH=/usr/local/es7/libexec/gcc/x86_64-pc-linux-gnu/13.2.0/:/usr/local/es7/libexec/gcc/x86_64-pc-linux-gnu/13.2.0/:/usr/local/es7/libexec/gcc/x86_64-pc-linux-gnu/:/usr/local/es7/lib/gcc/x86_64-pc-linux-gnu/13.2.0/:/usr/local/es7/lib/gcc/x86_64-pc-linux-gnu/
LIBRARY_PATH=/usr/local/es7/lib/gcc/x86_64-pc-linux-gnu/13.2.0/:/usr/local/es7/lib/gcc/x86_64-pc-linux-gnu/13.2.0/../../../../lib64/:/lib/../lib64/:/usr/lib/../lib64/:/usr/local/es7/lib/gcc/x86_64-pc-linux-gnu/13.2.0/../../../:/lib/:/usr/lib/
COLLECT_GCC_OPTIONS='-v' '-o' 'CMakeFiles/cmTC_83e9d.dir/CMakeCCompilerABI.c.o' '-c' '-mtune=generic' '-march=x86-64' '-dumpdir' 'CMakeFiles/cmTC_83e9d.dir/CMakeCCompilerABI.c.'
[2/2] Linking C executable cmTC_83e9d
Using built-in specs.
COLLECT_GCC=/usr/local/es7/bin/gcc
COLLECT_LTO_WRAPPER=/usr/local/es7/libexec/gcc/x86_64-pc-linux-gnu/13.2.0/lto-wrapper
Target: x86_64-pc-linux-gnu
Configured with: ../gcc-13.2.0/configure --prefix=/usr/local/es7
Thread model: posix
Supported LTO compression algorithms: zlib
gcc version 13.2.0 (GCC) 
COMPILER_PATH=/usr/local/es7/libexec/gcc/x86_64-pc-linux-gnu/13.2.0/:/usr/local/es7/libexec/gcc/x86_64-pc-linux-gnu/13.2.0/:/usr/local/es7/libexec/gcc/x86_64-pc-linux-gnu/:/usr/local/es7/lib/gcc/x86_64-pc-linux-gnu/13.2.0/:/usr/local/es7/lib/gcc/x86_64-pc-linux-gnu/
LIBRARY_PATH=/usr/local/es7/lib/gcc/x86_64-pc-linux-gnu/13.2.0/:/usr/local/es7/lib/gcc/x86_64-pc-linux-gnu/13.2.0/../../../../lib64/:/lib/../lib64/:/usr/lib/../lib64/:/usr/local/es7/lib/gcc/x86_64-pc-linux-gnu/13.2.0/../../../:/lib/:/usr/lib/
COLLECT_GCC_OPTIONS='-v' '-rdynamic' '-o' 'cmTC_83e9d' '-mtune=generic' '-march=x86-64' '-dumpdir' 'cmTC_83e9d.'
 /usr/local/es7/libexec/gcc/x86_64-pc-linux-gnu/13.2.0/collect2 -plugin /usr/local/es7/libexec/gcc/x86_64-pc-linux-gnu/13.2.0/liblto_plugin.so -plugin-opt=/usr/local/es7/libexec/gcc/x86_64-pc-linux-gnu/13.2.0/lto-wrapper -plugin-opt=-fresolution=/tmp/ccPXFK9t.res -plugin-opt=-pass-through=-lgcc -plugin-opt=-pass-through=-lgcc_s -plugin-opt=-pass-through=-lc -plugin-opt=-pass-through=-lgcc -plugin-opt=-pass-through=-lgcc_s --eh-frame-hdr -m elf_x86_64 -export-dynamic -dynamic-linker /lib64/ld-linux-x86-64.so.2 -o cmTC_83e9d /lib/../lib64/crt1.o /lib/../lib64/crti.o /usr/local/es7/lib/gcc/x86_64-pc-linux-gnu/13.2.0/crtbegin.o -L/usr/local/es7/lib/gcc/x86_64-pc-linux-gnu/13.2.0 -L/usr/local/es7/lib/gcc/x86_64-pc-linux-gnu/13.2.0/../../../../lib64 -L/lib/../lib64 -L/usr/lib/../lib64 -L/usr/local/es7/lib/gcc/x86_64-pc-linux-gnu/13.2.0/../../.. CMakeFiles/cmTC_83e9d.dir/CMakeCCompilerABI.c.o -lgcc --as-needed -lgcc_s --no-as-needed -lc -lgcc --as-needed -lgcc_s --no-as-needed /usr/local/es7/lib/gcc/x86_64-pc-linux-gnu/13.2.0/crtend.o /lib/../lib64/crtn.o
COLLECT_GCC_OPTIONS='-v' '-rdynamic' '-o' 'cmTC_83e9d' '-mtune=generic' '-march=x86-64' '-dumpdir' 'cmTC_83e9d.'



Parsed C implicit include dir info from above output: rv=done
  found start of include info
  found start of implicit include info
    add: [/usr/local/es7/lib/gcc/x86_64-pc-linux-gnu/13.2.0/include]
    add: [/usr/local/include]
    add: [/usr/local/es7/include]
    add: [/usr/local/es7/lib/gcc/x86_64-pc-linux-gnu/13.2.0/include-fixed]
    add: [/usr/include]
  end of search list found
  collapse include dir [/usr/local/es7/lib/gcc/x86_64-pc-linux-gnu/13.2.0/include] ==> [/usr/local/es7/lib/gcc/x86_64-pc-linux-gnu/13.2.0/include]
  collapse include dir [/usr/local/include] ==> [/usr/local/include]
  collapse include dir [/usr/local/es7/include] ==> [/usr/local/es7/include]
  collapse include dir [/usr/local/es7/lib/gcc/x86_64-pc-linux-gnu/13.2.0/include-fixed] ==> [/usr/local/es7/lib/gcc/x86_64-pc-linux-gnu/13.2.0/include-fixed]
  collapse include dir [/usr/include] ==> [/usr/include]
  implicit include dirs: [/usr/local/es7/lib/gcc/x86_64-pc-linux-gnu/13.2.0/include;/usr/local/include;/usr/local/es7/include;/usr/local/es7/lib/gcc/x86_64-pc-linux-gnu/13.2.0/include-fixed;/usr/include]


Parsed C implicit link information from above output:
  link line regex: [^( *|.*[/\])(ld|CMAKE_LINK_STARTFILE-NOTFOUND|([^/\]+-)?ld|collect2)[^/\]*( |$)]
  ignore line: [Change Dir: /users7/cse/chirschbrich/CS3353/prog2/build/CMakeFiles/CMakeTmp]
  ignore line: []
  ignore line: [Run Build Command(s):/usr/local/es7/bin/ninja cmTC_83e9d && [1/2] Building C object CMakeFiles/cmTC_83e9d.dir/CMakeCCompilerABI.c.o]
  ignore line: [Using built-in specs.]
  ignore line: [COLLECT_GCC=/usr/local/es7/bin/gcc]
  ignore line: [Target: x86_64-pc-linux-gnu]
  ignore line: [Configured with: ../gcc-13.2.0/configure --prefix=/usr/local/es7]
  ignore line: [Thread model: posix]
  ignore line: [Supported LTO compression algorithms: zlib]
  ignore line: [gcc version 13.2.0 (GCC) ]
  ignore line: [COLLECT_GCC_OPTIONS='-v' '-o' 'CMakeFiles/cmTC_83e9d.dir/CMakeCCompilerABI.c.o' '-c' '-mtune=generic' '-march=x86-64' '-dumpdir' 'CMakeFiles/cmTC_83e9d.dir/']
  ignore line: [ /usr/local/es7/libexec/gcc/x86_64-pc-linux-gnu/13.2.0/cc1 -quiet -v /usr/local/es7/share/cmake-3.23/Modules/CMakeCCompilerABI.c -quiet -dumpdir CMakeFiles/cmTC_83e9d.dir/ -dumpbase CMakeCCompilerABI.c.c -dumpbase-ext .c -mtune=generic -march=x86-64 -version -o /tmp/ccVsw88k.s]
  ignore line: [GNU C17 (GCC) version 13.2.0 (x86_64-pc-linux-gnu)]
  ignore line: [	compiled by GNU C version 13.2.0  GMP version 6.2.1  MPFR version 4.1.0  MPC version 1.2.1  isl version none]
  ignore line: [GGC heuristics: --param ggc-min-expand=100 --param ggc-min-heapsize=131072]
  ignore line: [ignoring nonexistent directory "/usr/local/es7/lib/gcc/x86_64-pc-linux-gnu/13.2.0/../../../../x86_64-pc-linux-gnu/include"]
  ignore line: [#include "..." search starts here:]
  ignore line: [#include <...> search starts here:]
  ignore line: [ /usr/local/es7/lib/gcc/x86_64-pc-linux-gnu/13.2.0/include]
  ignore line: [ /usr/local/include]
  ignore line: [ /usr/local/es7/include]
  ignore line: [ /usr/local/es7/lib/gcc/x86_64-pc-linux-gnu/13.2.0/include-fixed]
  ignore line: [ /usr/include]
  ignore line: [End of search list.]
  ignore line: [Compiler executable checksum: e70dc9643beb5bc2c7314dda6f2fd2f9]
  ignore line: [COLLECT_GCC_OPTIONS='-v' '-o' 'CMakeFiles/cmTC_83e9d.dir/CMakeCCompilerABI.c.o' '-c' '-mtune=generic' '-march=x86-64' '-dumpdir' 'CMakeFiles/cmTC_83e9d.dir/']
  ignore line: [ as -v --64 -o CMakeFiles/cmTC_83e9d.dir/CMakeCCompilerABI.c.o /tmp/ccVsw88k.s]
  ignore line: [GNU assembler version 2.27 (x86_64-redhat-linux) using BFD version version 2.27-44.base.el7_9.1]
  ignore line: [COMPILER_PATH=/usr/local/es7/libexec/gcc/x86_64-pc-linux-gnu/13.2.0/:/usr/local/es7/libexec/gcc/x86_64-pc-linux-gnu/13.2.0/:/usr/local/es7/libexec/gcc/x86_64-pc-linux-gnu/:/usr/local/es7/lib/gcc/x86_64-pc-linux-gnu/13.2.0/:/usr/local/es7/lib/gcc/x86_64-pc-linux-gnu/]
  ignore line: [LIBRARY_PATH=/usr/local/es7/lib/gcc/x86_64-pc-linux-gnu/13.2.0/:/usr/local/es7/lib/gcc/x86_64-pc-linux-gnu/13.2.0/../../../../lib64/:/lib/../lib64/:/usr/lib/../lib64/:/usr/local/es7/lib/gcc/x86_64-pc-linux-gnu/13.2.0/../../../:/lib/:/usr/lib/]
  ignore line: [COLLECT_GCC_OPTIONS='-v' '-o' 'CMakeFiles/cmTC_83e9d.dir/CMakeCCompilerABI.c.o' '-c' '-mtune=generic' '-march=x86-64' '-dumpdir' 'CMakeFiles/cmTC_83e9d.dir/CMakeCCompilerABI.c.']
  ignore line: [[2/2] Linking C executable cmTC_83e9d]
  ignore line: [Using built-in specs.]
  ignore line: [COLLECT_GCC=/usr/local/es7/bin/gcc]
  ignore line: [COLLECT_LTO_WRAPPER=/usr/local/es7/libexec/gcc/x86_64-pc-linux-gnu/13.2.0/lto-wrapper]
  ignore line: [Target: x86_64-pc-linux-gnu]
  ignore line: [Configured with: ../gcc-13.2.0/configure --prefix=/usr/local/es7]
  ignore line: [Thread model: posix]
  ignore line: [Supported LTO compression algorithms: zlib]
  ignore line: [gcc version 13.2.0 (GCC) ]
  ignore line: [COMPILER_PATH=/usr/local/es7/libexec/gcc/x86_64-pc-linux-gnu/13.2.0/:/usr/local/es7/libexec/gcc/x86_64-pc-linux-gnu/13.2.0/:/usr/local/es7/libexec/gcc/x86_64-pc-linux-gnu/:/usr/local/es7/lib/gcc/x86_64-pc-linux-gnu/13.2.0/:/usr/local/es7/lib/gcc/x86_64-pc-linux-gnu/]
  ignore line: [LIBRARY_PATH=/usr/local/es7/lib/gcc/x86_64-pc-linux-gnu/13.2.0/:/usr/local/es7/lib/gcc/x86_64-pc-linux-gnu/13.2.0/../../../../lib64/:/lib/../lib64/:/usr/lib/../lib64/:/usr/local/es7/lib/gcc/x86_64-pc-linux-gnu/13.2.0/../../../:/lib/:/usr/lib/]
  ignore line: [COLLECT_GCC_OPTIONS='-v' '-rdynamic' '-o' 'cmTC_83e9d' '-mtune=generic' '-march=x86-64' '-dumpdir' 'cmTC_83e9d.']
  link line: [ /usr/local/es7/libexec/gcc/x86_64-pc-linux-gnu/13.2.0/collect2 -plugin /usr/local/es7/libexec/gcc/x86_64-pc-linux-gnu/13.2.0/liblto_plugin.so -plugin-opt=/usr/local/es7/libexec/gcc/x86_64-pc-linux-gnu/13.2.0/lto-wrapper -plugin-opt=-fresolution=/tmp/ccPXFK9t.res -plugin-opt=-pass-through=-lgcc -plugin-opt=-pass-through=-lgcc_s -plugin-opt=-pass-through=-lc -plugin-opt=-pass-through=-lgcc -plugin-opt=-pass-through=-lgcc_s --eh-frame-hdr -m elf_x86_64 -export-dynamic -dynamic-linker /lib64/ld-linux-x86-64.so.2 -o cmTC_83e9d /lib/../lib64/crt1.o /lib/../lib64/crti.o /usr/local/es7/lib/gcc/x86_64-pc-linux-gnu/13.2.0/crtbegin.o -L/usr/local/es7/lib/gcc/x86_64-pc-linux-gnu/13.2.0 -L/usr/local/es7/lib/gcc/x86_64-pc-linux-gnu/13.2.0/../../../../lib64 -L/lib/../lib64 -L/usr/lib/../lib64 -L/usr/local/es7/lib/gcc/x86_64-pc-linux-gnu/13.2.0/../../.. CMakeFiles/cmTC_83e9d.dir/CMakeCCompilerABI.c.o -lgcc --as-needed -lgcc_s --no-as-needed -lc -lgcc --as-needed -lgcc_s --no-as-needed /usr/local/es7/lib/gcc/x86_64-pc-linux-gnu/13.2.0/crtend.o /lib/../lib64/crtn.o]
    arg [/usr/local/es7/libexec/gcc/x86_64-pc-linux-gnu/13.2.0/collect2] ==> ignore
    arg [-plugin] ==> ignore
    arg [/usr/local/es7/libexec/gcc/x86_64-pc-linux-gnu/13.2.0/liblto_plugin.so] ==> ignore
    arg [-plugin-opt=/usr/local/es7/libexec/gcc/x86_64-pc-linux-gnu/13.2.0/lto-wrapper] ==> ignore
    arg [-plugin-opt=-fresolution=/tmp/ccPXFK9t.res] ==> ignore
    arg [-plugin-opt=-pass-through=-lgcc] ==> ignore
    arg [-plugin-opt=-pass-through=-lgcc_s] ==> ignore
    arg [-plugin-opt=-pass-through=-lc] ==> ignore
    arg [-plugin-opt=-pass-through=-lgcc] ==> ignore
    arg [-plugin-opt=-pass-through=-lgcc_s] ==> ignore
    arg [--eh-frame-hdr] ==> ignore
    arg [-m] ==> ignore
    arg [elf_x86_64] ==> ignore
    arg [-export-dynamic] ==> ignore
    arg [-dynamic-linker] ==> ignore
    arg [/lib64/ld-linux-x86-64.so.2] ==> ignore
    arg [-o] ==> ignore
    arg [cmTC_83e9d] ==> ignore
    arg [/lib/../lib64/crt1.o] ==> obj [/lib/../lib64/crt1.o]
    arg [/lib/../lib64/crti.o] ==> obj [/lib/../lib64/crti.o]
    arg [/usr/local/es7/lib/gcc/x86_64-pc-linux-gnu/13.2.0/crtbegin.o] ==> obj [/usr/local/es7/lib/gcc/x86_64-pc-linux-gnu/13.2.0/crtbegin.o]
    arg [-L/usr/local/es7/lib/gcc/x86_64-pc-linux-gnu/13.2.0] ==> dir [/usr/local/es7/lib/gcc/x86_64-pc-linux-gnu/13.2.0]
    arg [-L/usr/local/es7/lib/gcc/x86_64-pc-linux-gnu/13.2.0/../../../../lib64] ==> dir [/usr/local/es7/lib/gcc/x86_64-pc-linux-gnu/13.2.0/../../../../lib64]
    arg [-L/lib/../lib64] ==> dir [/lib/../lib64]
    arg [-L/usr/lib/../lib64] ==> dir [/usr/lib/../lib64]
    arg [-L/usr/local/es7/lib/gcc/x86_64-pc-linux-gnu/13.2.0/../../..] ==> dir [/usr/local/es7/lib/gcc/x86_64-pc-linux-gnu/13.2.0/../../..]
    arg [CMakeFiles/cmTC_83e9d.dir/CMakeCCompilerABI.c.o] ==> ignore
    arg [-lgcc] ==> lib [gcc]
    arg [--as-needed] ==> ignore
    arg [-lgcc_s] ==> lib [gcc_s]
    arg [--no-as-needed] ==> ignore
    arg [-lc] ==> lib [c]
    arg [-lgcc] ==> lib [gcc]
    arg [--as-needed] ==> ignore
    arg [-lgcc_s] ==> lib [gcc_s]
    arg [--no-as-needed] ==> ignore
    arg [/usr/local/es7/lib/gcc/x86_64-pc-linux-gnu/13.2.0/crtend.o] ==> obj [/usr/local/es7/lib/gcc/x86_64-pc-linux-gnu/13.2.0/crtend.o]
    arg [/lib/../lib64/crtn.o] ==> obj [/lib/../lib64/crtn.o]
  collapse obj [/lib/../lib64/crt1.o] ==> [/lib64/crt1.o]
  collapse obj [/lib/../lib64/crti.o] ==> [/lib64/crti.o]
  collapse obj [/lib/../lib64/crtn.o] ==> [/lib64/crtn.o]
  collapse library dir [/usr/local/es7/lib/gcc/x86_64-pc-linux-gnu/13.2.0] ==> [/usr/local/es7/lib/gcc/x86_64-pc-linux-gnu/13.2.0]
  collapse library dir [/usr/local/es7/lib/gcc/x86_64-pc-linux-gnu/13.2.0/../../../../lib64] ==> [/usr/local/es7/lib64]
  collapse library dir [/lib/../lib64] ==> [/lib64]
  collapse library dir [/usr/lib/../lib64] ==> [/usr/lib64]
  collapse library dir [/usr/local/es7/lib/gcc/x86_64-pc-linux-gnu/13.2.0/../../..] ==> [/usr/local/es7/lib]
  implicit libs: [gcc;gcc_s;c;gcc;gcc_s]
  implicit objs: [/lib64/crt1.o;/lib64/crti.o;/usr/local/es7/lib/gcc/x86_64-pc-linux-gnu/13.2.0/crtbegin.o;/usr/local/es7/lib/gcc/x86_64-pc-linux-gnu/13.2.0/crtend.o;/lib64/crtn.o]
  implicit dirs: [/usr/local/es7/lib/gcc/x86_64-pc-linux-gnu/13.2.0;/usr/local/es7/lib64;/lib64;/usr/lib64;/usr/local/es7/lib]
  implicit fwks: []


Detecting CXX compiler ABI info compiled with the following output:
Change Dir: /users7/cse/chirschbrich/CS3353/prog2/build/CMakeFiles/CMakeTmp

Run Build Command(s):/usr/local/es7/bin/ninja cmTC_a65e5 && [1/2] Building CXX object CMakeFiles/cmTC_a65e5.dir/CMakeCXXCompilerABI.cpp.o
Using built-in specs.
COLLECT_GCC=/usr/local/es7/bin/g++
Target: x86_64-pc-linux-gnu
Configured with: ../gcc-13.2.0/configure --prefix=/usr/local/es7
Thread model: posix
Supported LTO compression algorithms: zlib
gcc version 13.2.0 (GCC) 
COLLECT_GCC_OPTIONS='-v' '-o' 'CMakeFiles/cmTC_a65e5.dir/CMakeCXXCompilerABI.cpp.o' '-c' '-shared-libgcc' '-mtune=generic' '-march=x86-64' '-dumpdir' 'CMakeFiles/cmTC_a65e5.dir/'
 /usr/local/es7/libexec/gcc/x86_64-pc-linux-gnu/13.2.0/cc1plus -quiet -v -D_GNU_SOURCE /usr/local/es7/share/cmake-3.23/Modules/CMakeCXXCompilerABI.cpp -quiet -dumpdir CMakeFiles/cmTC_a65e5.dir/ -dumpbase CMakeCXXCompilerABI.cpp.cpp -dumpbase-ext .cpp -mtune=generic -march=x86-64 -version -o /tmp/ccfFPb3M.s
GNU C++17 (GCC) version 13.2.0 (x86_64-pc-linux-gnu)
	compiled by GNU C version 13.2.0, GMP version 6.2.1, MPFR version 4.1.0, MPC version 1.2.1, isl version none
GGC heuristics: --param ggc-min-expand=100 --param ggc-min-heapsize=131072
ignoring nonexistent directory "/usr/local/es7/lib/gcc/x86_64-pc-linux-gnu/13.2.0/../../../../x86_64-pc-linux-gnu/include"
#include "..." search starts here:
#include <...> search starts here:
 /usr/local/es7/lib/gcc/x86_64-pc-linux-gnu/13.2.0/../../../../include/c++/13.2.0
 /usr/local/es7/lib/gcc/x86_64-pc-linux-gnu/13.2.0/../../../../include/c++/13.2.0/x86_64-pc-linux-gnu
 /usr/local/es7/lib/gcc/x86_64-pc-linux-gnu/13.2.0/../../../../include/c++/13.2.0/backward
 /usr/local/es7/lib/gcc/x86_64-pc-linux-gnu/13.2.0/include
 /usr/local/include
 /usr/local/es7/include
 /usr/local/es7/lib/gcc/x86_64-pc-linux-gnu/13.2.0/include-fixed
 /usr/include
End of search list.
Compiler executable checksum: a540c383793c8c5fbeec777039cc7d01
COLLECT_GCC_OPTIONS='-v' '-o' 'CMakeFiles/cmTC_a65e5.dir/CMakeCXXCompilerABI.cpp.o' '-c' '-shared-libgcc' '-mtune=generic' '-march=x86-64' '-dumpdir' 'CMakeFiles/cmTC_a65e5.dir/'
 as -v --64 -o CMakeFiles/cmTC_a65e5.dir/CMakeCXXCompilerABI.cpp.o /tmp/ccfFPb3M.s
GNU assembler version 2.27 (x86_64-redhat-linux) using BFD version version 2.27-44.base.el7_9.1
COMPILER_PATH=/usr/local/es7/libexec/gcc/x86_64-pc-linux-gnu/13.2.0/:/usr/local/es7/libexec/gcc/x86_64-pc-linux-gnu/13.2.0/:/usr/local/es7/libexec/gcc/x86_64-pc-linux-gnu/:/usr/local/es7/lib/gcc/x86_64-pc-linux-gnu/13.2.0/:/usr/local/es7/lib/gcc/x86_64-pc-linux-gnu/
LIBRARY_PATH=/usr/local/es7/lib/gcc/x86_64-pc-linux-gnu/13.2.0/:/usr/local/es7/lib/gcc/x86_64-pc-linux-gnu/13.2.0/../../../../lib64/:/lib/../lib64/:/usr/lib/../lib64/:/usr/local/es7/lib/gcc/x86_64-pc-linux-gnu/13.2.0/../../../:/lib/:/usr/lib/
COLLECT_GCC_OPTIONS='-v' '-o' 'CMakeFiles/cmTC_a65e5.dir/CMakeCXXCompilerABI.cpp.o' '-c' '-shared-libgcc' '-mtune=generic' '-march=x86-64' '-dumpdir' 'CMakeFiles/cmTC_a65e5.dir/CMakeCXXCompilerABI.cpp.'
[2/2] Linking CXX executable cmTC_a65e5
Using built-in specs.
COLLECT_GCC=/usr/local/es7/bin/g++
COLLECT_LTO_WRAPPER=/usr/local/es7/libexec/gcc/x86_64-pc-linux-gnu/13.2.0/lto-wrapper
Target: x86_64-pc-linux-gnu
Configured with: ../gcc-13.2.0/configure --prefix=/usr/local/es7
Thread model: posix
Supported LTO compression algorithms: zlib
gcc version 13.2.0 (GCC) 
COMPILER_PATH=/usr/local/es7/libexec/gcc/x86_64-pc-linux-gnu/13.2.0/:/usr/local/es7/libexec/gcc/x86_64-pc-linux-gnu/13.2.0/:/usr/local/es7/libexec/gcc/x86_64-pc-linux-gnu/:/usr/local/es7/lib/gcc/x86_64-pc-linux-gnu/13.2.0/:/usr/local/es7/lib/gcc/x86_64-pc-linux-gnu/
LIBRARY_PATH=/usr/local/es7/lib/gcc/x86_64-pc-linux-gnu/13.2.0/:/usr/local/es7/lib/gcc/x86_64-pc-linux-gnu/13.2.0/../../../../lib64/:/lib/../lib64/:/usr/lib/../lib64/:/usr/local/es7/lib/gcc/x86_64-pc-linux-gnu/13.2.0/../../../:/lib/:/usr/lib/
COLLECT_GCC_OPTIONS='-v' '-rdynamic' '-o' 'cmTC_a65e5' '-shared-libgcc' '-mtune=generic' '-march=x86-64' '-dumpdir' 'cmTC_a65e5.'
 /usr/local/es7/libexec/gcc/x86_64-pc-linux-gnu/13.2.0/collect2 -plugin /usr/local/es7/libexec/gcc/x86_64-pc-linux-gnu/13.2.0/liblto_plugin.so -plugin-opt=/usr/local/es7/libexec/gcc/x86_64-pc-linux-gnu/13.2.0/lto-wrapper -plugin-opt=-fresolution=/tmp/cclTCngS.res -plugin-opt=-pass-through=-lgcc_s -plugin-opt=-pass-through=-lgcc -plugin-opt=-pass-through=-lc -plugin-opt=-pass-through=-lgcc_s -plugin-opt=-pass-through=-lgcc --eh-frame-hdr -m elf_x86_64 -export-dynamic -dynamic-linker /lib64/ld-linux-x86-64.so.2 -o cmTC_a65e5 /lib/../lib64/crt1.o /lib/../lib64/crti.o /usr/local/es7/lib/gcc/x86_64-pc-linux-gnu/13.2.0/crtbegin.o -L/usr/local/es7/lib/gcc/x86_64-pc-linux-gnu/13.2.0 -L/usr/local/es7/lib/gcc/x86_64-pc-linux-gnu/13.2.0/../../../../lib64 -L/lib/../lib64 -L/usr/lib/../lib64 -L/usr/local/es7/lib/gcc/x86_64-pc-linux-gnu/13.2.0/../../.. CMakeFiles/cmTC_a65e5.dir/CMakeCXXCompilerABI.cpp.o -lstdc++ -lm -lgcc_s -lgcc -lc -lgcc_s -lgcc /usr/local/es7/lib/gcc/x86_64-pc-linux-gnu/13.2.0/crtend.o /lib/../lib64/crtn.o
COLLECT_GCC_OPTIONS='-v' '-rdynamic' '-o' 'cmTC_a65e5' '-shared-libgcc' '-mtune=generic' '-march=x86-64' '-dumpdir' 'cmTC_a65e5.'



Parsed CXX implicit include dir info from above output: rv=done
  found start of include info
  found start of implicit include info
    add: [/usr/local/es7/lib/gcc/x86_64-pc-linux-gnu/13.2.0/../../../../include/c++/13.2.0]
    add: [/usr/local/es7/lib/gcc/x86_64-pc-linux-gnu/13.2.0/../../../../include/c++/13.2.0/x86_64-pc-linux-gnu]
    add: [/usr/local/es7/lib/gcc/x86_64-pc-linux-gnu/13.2.0/../../../../include/c++/13.2.0/backward]
    add: [/usr/local/es7/lib/gcc/x86_64-pc-linux-gnu/13.2.0/include]
    add: [/usr/local/include]
    add: [/usr/local/es7/include]
    add: [/usr/local/es7/lib/gcc/x86_64-pc-linux-gnu/13.2.0/include-fixed]
    add: [/usr/include]
  end of search list found
  collapse include dir [/usr/local/es7/lib/gcc/x86_64-pc-linux-gnu/13.2.0/../../../../include/c++/13.2.0] ==> [/usr/local/es7/include/c++/13.2.0]
  collapse include dir [/usr/local/es7/lib/gcc/x86_64-pc-linux-gnu/13.2.0/../../../../include/c++/13.2.0/x86_64-pc-linux-gnu] ==> [/usr/local/es7/include/c++/13.2.0/x86_64-pc-linux-gnu]
  collapse include dir [/usr/local/es7/lib/gcc/x86_64-pc-linux-gnu/13.2.0/../../../../include/c++/13.2.0/backward] ==> [/usr/local/es7/include/c++/13.2.0/backward]
  collapse include dir [/usr/local/es7/lib/gcc/x86_64-pc-linux-gnu/13.2.0/include] ==> [/usr/local/es7/lib/gcc/x86_64-pc-linux-gnu/13.2.0/include]
  collapse include dir [/usr/local/include] ==> [/usr/local/include]
  collapse include dir [/usr/local/es7/include] ==> [/usr/local/es7/include]
  collapse include dir [/usr/local/es7/lib/gcc/x86_64-pc-linux-gnu/13.2.0/include-fixed] ==> [/usr/local/es7/lib/gcc/x86_64-pc-linux-gnu/13.2.0/include-fixed]
  collapse include dir [/usr/include] ==> [/usr/include]
  implicit include dirs: [/usr/local/es7/include/c++/13.2.0;/usr/local/es7/include/c++/13.2.0/x86_64-pc-linux-gnu;/usr/local/es7/include/c++/13.2.0/backward;/usr/local/es7/lib/gcc/x86_64-pc-linux-gnu/13.2.0/include;/usr/local/include;/usr/local/es7/include;/usr/local/es7/lib/gcc/x86_64-pc-linux-gnu/13.2.0/include-fixed;/usr/include]


Parsed CXX implicit link information from above output:
  link line regex: [^( *|.*[/\])(ld|CMAKE_LINK_STARTFILE-NOTFOUND|([^/\]+-)?ld|collect2)[^/\]*( |$)]
  ignore line: [Change Dir: /users7/cse/chirschbrich/CS3353/prog2/build/CMakeFiles/CMakeTmp]
  ignore line: []
  ignore line: [Run Build Command(s):/usr/local/es7/bin/ninja cmTC_a65e5 && [1/2] Building CXX object CMakeFiles/cmTC_a65e5.dir/CMakeCXXCompilerABI.cpp.o]
  ignore line: [Using built-in specs.]
  ignore line: [COLLECT_GCC=/usr/local/es7/bin/g++]
  ignore line: [Target: x86_64-pc-linux-gnu]
  ignore line: [Configured with: ../gcc-13.2.0/configure --prefix=/usr/local/es7]
  ignore line: [Thread model: posix]
  ignore line: [Supported LTO compression algorithms: zlib]
  ignore line: [gcc version 13.2.0 (GCC) ]
  ignore line: [COLLECT_GCC_OPTIONS='-v' '-o' 'CMakeFiles/cmTC_a65e5.dir/CMakeCXXCompilerABI.cpp.o' '-c' '-shared-libgcc' '-mtune=generic' '-march=x86-64' '-dumpdir' 'CMakeFiles/cmTC_a65e5.dir/']
  ignore line: [ /usr/local/es7/libexec/gcc/x86_64-pc-linux-gnu/13.2.0/cc1plus -quiet -v -D_GNU_SOURCE /usr/local/es7/share/cmake-3.23/Modules/CMakeCXXCompilerABI.cpp -quiet -dumpdir CMakeFiles/cmTC_a65e5.dir/ -dumpbase CMakeCXXCompilerABI.cpp.cpp -dumpbase-ext .cpp -mtune=generic -march=x86-64 -version -o /tmp/ccfFPb3M.s]
  ignore line: [GNU C++17 (GCC) version 13.2.0 (x86_64-pc-linux-gnu)]
  ignore line: [	compiled by GNU C version 13.2.0  GMP version 6.2.1  MPFR version 4.1.0  MPC version 1.2.1  isl version none]
  ignore line: [GGC heuristics: --param ggc-min-expand=100 --param ggc-min-heapsize=131072]
  ignore line: [ignoring nonexistent directory "/usr/local/es7/lib/gcc/x86_64-pc-linux-gnu/13.2.0/../../../../x86_64-pc-linux-gnu/include"]
  ignore line: [#include "..." search starts here:]
  ignore line: [#include <...> search starts here:]
  ignore line: [ /usr/local/es7/lib/gcc/x86_64-pc-linux-gnu/13.2.0/../../../../include/c++/13.2.0]
  ignore line: [ /usr/local/es7/lib/gcc/x86_64-pc-linux-gnu/13.2.0/../../../../include/c++/13.2.0/x86_64-pc-linux-gnu]
  ignore line: [ /usr/local/es7/lib/gcc/x86_64-pc-linux-gnu/13.2.0/../../../../include/c++/13.2.0/backward]
  ignore line: [ /usr/local/es7/lib/gcc/x86_64-pc-linux-gnu/13.2.0/include]
  ignore line: [ /usr/local/include]
  ignore line: [ /usr/local/es7/include]
  ignore line: [ /usr/local/es7/lib/gcc/x86_64-pc-linux-gnu/13.2.0/include-fixed]
  ignore line: [ /usr/include]
  ignore line: [End of search list.]
  ignore line: [Compiler executable checksum: a540c383793c8c5fbeec777039cc7d01]
  ignore line: [COLLECT_GCC_OPTIONS='-v' '-o' 'CMakeFiles/cmTC_a65e5.dir/CMakeCXXCompilerABI.cpp.o' '-c' '-shared-libgcc' '-mtune=generic' '-march=x86-64' '-dumpdir' 'CMakeFiles/cmTC_a65e5.dir/']
  ignore line: [ as -v --64 -o CMakeFiles/cmTC_a65e5.dir/CMakeCXXCompilerABI.cpp.o /tmp/ccfFPb3M.s]
  ignore line: [GNU assembler version 2.27 (x86_64-redhat-linux) using BFD version version 2.27-44.base.el7_9.1]
  ignore line: [COMPILER_PATH=/usr/local/es7/libexec/gcc/x86_64-pc-linux-gnu/13.2.0/:/usr/local/es7/libexec/gcc/x86_64-pc-linux-gnu/13.2.0/:/usr/local/es7/libexec/gcc/x86_64-pc-linux-gnu/:/usr/local/es7/lib/gcc/x86_64-pc-linux-gnu/13.2.0/:/usr/local/es7/lib/gcc/x86_64-pc-linux-gnu/]
  ignore line: [LIBRARY_PATH=/usr/local/es7/lib/gcc/x86_64-pc-linux-gnu/13.2.0/:/usr/local/es7/lib/gcc/x86_64-pc-linux-gnu/13.2.0/../../../../lib64/:/lib/../lib64/:/usr/lib/../lib64/:/usr/local/es7/lib/gcc/x86_64-pc-linux-gnu/13.2.0/../../../:/lib/:/usr/lib/]
  ignore line: [COLLECT_GCC_OPTIONS='-v' '-o' 'CMakeFiles/cmTC_a65e5.dir/CMakeCXXCompilerABI.cpp.o' '-c' '-shared-libgcc' '-mtune=generic' '-march=x86-64' '-dumpdir' 'CMakeFiles/cmTC_a65e5.dir/CMakeCXXCompilerABI.cpp.']
  ignore line: [[2/2] Linking CXX executable cmTC_a65e5]
  ignore line: [Using built-in specs.]
  ignore line: [COLLECT_GCC=/usr/local/es7/bin/g++]
  ignore line: [COLLECT_LTO_WRAPPER=/usr/local/es7/libexec/gcc/x86_64-pc-linux-gnu/13.2.0/lto-wrapper]
  ignore line: [Target: x86_64-pc-linux-gnu]
  ignore line: [Configured with: ../gcc-13.2.0/configure --prefix=/usr/local/es7]
  ignore line: [Thread model: posix]
  ignore line: [Supported LTO compression algorithms: zlib]
  ignore line: [gcc version 13.2.0 (GCC) ]
  ignore line: [COMPILER_PATH=/usr/local/es7/libexec/gcc/x86_64-pc-linux-gnu/13.2.0/:/usr/local/es7/libexec/gcc/x86_64-pc-linux-gnu/13.2.0/:/usr/local/es7/libexec/gcc/x86_64-pc-linux-gnu/:/usr/local/es7/lib/gcc/x86_64-pc-linux-gnu/13.2.0/:/usr/local/es7/lib/gcc/x86_64-pc-linux-gnu/]
  ignore line: [LIBRARY_PATH=/usr/local/es7/lib/gcc/x86_64-pc-linux-gnu/13.2.0/:/usr/local/es7/lib/gcc/x86_64-pc-linux-gnu/13.2.0/../../../../lib64/:/lib/../lib64/:/usr/lib/../lib64/:/usr/local/es7/lib/gcc/x86_64-pc-linux-gnu/13.2.0/../../../:/lib/:/usr/lib/]
  ignore line: [COLLECT_GCC_OPTIONS='-v' '-rdynamic' '-o' 'cmTC_a65e5' '-shared-libgcc' '-mtune=generic' '-march=x86-64' '-dumpdir' 'cmTC_a65e5.']
  link line: [ /usr/local/es7/libexec/gcc/x86_64-pc-linux-gnu/13.2.0/collect2 -plugin /usr/local/es7/libexec/gcc/x86_64-pc-linux-gnu/13.2.0/liblto_plugin.so -plugin-opt=/usr/local/es7/libexec/gcc/x86_64-pc-linux-gnu/13.2.0/lto-wrapper -plugin-opt=-fresolution=/tmp/cclTCngS.res -plugin-opt=-pass-through=-lgcc_s -plugin-opt=-pass-through=-lgcc -plugin-opt=-pass-through=-lc -plugin-opt=-pass-through=-lgcc_s -plugin-opt=-pass-through=-lgcc --eh-frame-hdr -m elf_x86_64 -export-dynamic -dynamic-linker /lib64/ld-linux-x86-64.so.2 -o cmTC_a65e5 /lib/../lib64/crt1.o /lib/../lib64/crti.o /usr/local/es7/lib/gcc/x86_64-pc-linux-gnu/13.2.0/crtbegin.o -L/usr/local/es7/lib/gcc/x86_64-pc-linux-gnu/13.2.0 -L/usr/local/es7/lib/gcc/x86_64-pc-linux-gnu/13.2.0/../../../../lib64 -L/lib/../lib64 -L/usr/lib/../lib64 -L/usr/local/es7/lib/gcc/x86_64-pc-linux-gnu/13.2.0/../../.. CMakeFiles/cmTC_a65e5.dir/CMakeCXXCompilerABI.cpp.o -lstdc++ -lm -lgcc_s -lgcc -lc -lgcc_s -lgcc /usr/local/es7/lib/gcc/x86_64-pc-linux-gnu/13.2.0/crtend.o /lib/../lib64/crtn.o]
    arg [/usr/local/es7/libexec/gcc/x86_64-pc-linux-gnu/13.2.0/collect2] ==> ignore
    arg [-plugin] ==> ignore
    arg [/usr/local/es7/libexec/gcc/x86_64-pc-linux-gnu/13.2.0/liblto_plugin.so] ==> ignore
    arg [-plugin-opt=/usr/local/es7/libexec/gcc/x86_64-pc-linux-gnu/13.2.0/lto-wrapper] ==> ignore
    arg [-plugin-opt=-fresolution=/tmp/cclTCngS.res] ==> ignore
    arg [-plugin-opt=-pass-through=-lgcc_s] ==> ignore
    arg [-plugin-opt=-pass-through=-lgcc] ==> ignore
    arg [-plugin-opt=-pass-through=-lc] ==> ignore
    arg [-plugin-opt=-pass-through=-lgcc_s] ==> ignore
    arg [-plugin-opt=-pass-through=-lgcc] ==> ignore
    arg [--eh-frame-hdr] ==> ignore
    arg [-m] ==> ignore
    arg [elf_x86_64] ==> ignore
    arg [-export-dynamic] ==> ignore
    arg [-dynamic-linker] ==> ignore
    arg [/lib64/ld-linux-x86-64.so.2] ==> ignore
    arg [-o] ==> ignore
    arg [cmTC_a65e5] ==> ignore
    arg [/lib/../lib64/crt1.o] ==> obj [/lib/../lib64/crt1.o]
    arg [/lib/../lib64/crti.o] ==> obj [/lib/../lib64/crti.o]
    arg [/usr/local/es7/lib/gcc/x86_64-pc-linux-gnu/13.2.0/crtbegin.o] ==> obj [/usr/local/es7/lib/gcc/x86_64-pc-linux-gnu/13.2.0/crtbegin.o]
    arg [-L/usr/local/es7/lib/gcc/x86_64-pc-linux-gnu/13.2.0] ==> dir [/usr/local/es7/lib/gcc/x86_64-pc-linux-gnu/13.2.0]
    arg [-L/usr/local/es7/lib/gcc/x86_64-pc-linux-gnu/13.2.0/../../../../lib64] ==> dir [/usr/local/es7/lib/gcc/x86_64-pc-linux-gnu/13.2.0/../../../../lib64]
    arg [-L/lib/../lib64] ==> dir [/lib/../lib64]
    arg [-L/usr/lib/../lib64] ==> dir [/usr/lib/../lib64]
    arg [-L/usr/local/es7/lib/gcc/x86_64-pc-linux-gnu/13.2.0/../../..] ==> dir [/usr/local/es7/lib/gcc/x86_64-pc-linux-gnu/13.2.0/../../..]
    arg [CMakeFiles/cmTC_a65e5.dir/CMakeCXXCompilerABI.cpp.o] ==> ignore
    arg [-lstdc++] ==> lib [stdc++]
    arg [-lm] ==> lib [m]
    arg [-lgcc_s] ==> lib [gcc_s]
    arg [-lgcc] ==> lib [gcc]
    arg [-lc] ==> lib [c]
    arg [-lgcc_s] ==> lib [gcc_s]
    arg [-lgcc] ==> lib [gcc]
    arg [/usr/local/es7/lib/gcc/x86_64-pc-linux-gnu/13.2.0/crtend.o] ==> obj [/usr/local/es7/lib/gcc/x86_64-pc-linux-gnu/13.2.0/crtend.o]
    arg [/lib/../lib64/crtn.o] ==> obj [/lib/../lib64/crtn.o]
  collapse obj [/lib/../lib64/crt1.o] ==> [/lib64/crt1.o]
  collapse obj [/lib/../lib64/crti.o] ==> [/lib64/crti.o]
  collapse obj [/lib/../lib64/crtn.o] ==> [/lib64/crtn.o]
  collapse library dir [/usr/local/es7/lib/gcc/x86_64-pc-linux-gnu/13.2.0] ==> [/usr/local/es7/lib/gcc/x86_64-pc-linux-gnu/13.2.0]
  collapse library dir [/usr/local/es7/lib/gcc/x86_64-pc-linux-gnu/13.2.0/../../../../lib64] ==> [/usr/local/es7/lib64]
  collapse library dir [/lib/../lib64] ==> [/lib64]
  collapse library dir [/usr/lib/../lib64] ==> [/usr/lib64]
  collapse library dir [/usr/local/es7/lib/gcc/x86_64-pc-linux-gnu/13.2.0/../../..] ==> [/usr/local/es7/lib]
  implicit libs: [stdc++;m;gcc_s;gcc;c;gcc_s;gcc]
  implicit objs: [/lib64/crt1.o;/lib64/crti.o;/usr/local/es7/lib/gcc/x86_64-pc-linux-gnu/13.2.0/crtbegin.o;/usr/local/es7/lib/gcc/x86_64-pc-linux-gnu/13.2.0/crtend.o;/lib64/crtn.o]
  implicit dirs: [/usr/local/es7/lib/gcc/x86_64-pc-linux-gnu/13.2.0;/usr/local/es7/lib64;/lib64;/usr/lib64;/usr/local/es7/lib]
  implicit fwks: []


